<?xml version="1.0" encoding="UTF-8"?>
<!-- Generated by org.testng.reporters.JUnitReportReporter -->
<testsuite hostname="DESKTOP-BEPA8F0" failures="0" tests="1" name="com.crm.campaign.FirstCampaign" time="21.831" errors="0" timestamp="2022-10-04T11:49:05 IST" skipped="0">
  <testcase classname="com.crm.campaign.FirstCampaign" name="createCampaign" time="21.831"/>
  <system-out/>
</testsuite> <!-- com.crm.campaign.FirstCampaign -->
