<?xml version="1.0" encoding="UTF-8"?>
<!-- Generated by org.testng.reporters.JUnitReportReporter -->
<testsuite hostname="DESKTOP-BEPA8F0" failures="0" tests="7" name="practice.Example" time="0.029" errors="0" timestamp="2022-12-19T13:25:27 IST" skipped="0">
  <testcase classname="practice.Example" name="d" time="0.011"/>
  <system-out/>
  <testcase classname="practice.Example" name="d" time="0.004"/>
  <system-out/>
  <testcase classname="practice.Example" name="h" time="0.003"/>
  <system-out/>
  <testcase classname="practice.Example" name="r" time="0.002"/>
  <system-out/>
  <testcase classname="practice.Example" name="a" time="0.005"/>
  <system-out/>
  <testcase classname="practice.Example" name="b" time="0.002"/>
  <system-out/>
  <testcase classname="practice.Example" name="c" time="0.002"/>
  <system-out/>
</testsuite> <!-- practice.Example -->
