<?xml version="1.0" encoding="UTF-8"?>
<!-- Generated by org.testng.reporters.JUnitReportReporter -->
<testsuite hostname="DESKTOP-BEPA8F0" failures="0" tests="1" name="com.crm.campaign.CampaignWithProduct" time="23.786" errors="0" timestamp="2022-10-04T11:46:22 IST" skipped="0">
  <testcase classname="com.crm.campaign.CampaignWithProduct" name="createCampaignWithProduct" time="23.786"/>
  <system-out/>
</testsuite> <!-- com.crm.campaign.CampaignWithProduct -->
