<?xml version="1.0" encoding="UTF-8"?>
<!-- Generated by org.testng.reporters.JUnitReportReporter -->
<testsuite hostname="DESKTOP-BEPA8F0" failures="0" tests="1" name="practice.Amazon" time="11.192" errors="0" timestamp="2022-12-19T15:13:54 IST" skipped="0">
  <testcase classname="practice.Amazon" name="test" time="11.192"/>
  <system-out/>
</testsuite> <!-- practice.Amazon -->
