<?xml version="1.0" encoding="UTF-8"?>
<!-- Generated by org.testng.reporters.JUnitReportReporter -->
<testsuite hostname="DESKTOP-BEPA8F0" failures="0" tests="1" name="com.crm.product.CreateAndDeleteProduct" time="21.104" errors="0" timestamp="2022-10-04T11:50:17 IST" skipped="0">
  <testcase classname="com.crm.product.CreateAndDeleteProduct" name="createAndDeleteProduct" time="21.104"/>
  <system-out/>
</testsuite> <!-- com.crm.product.CreateAndDeleteProduct -->
