<?xml version="1.0" encoding="UTF-8"?>
<!-- Generated by org.testng.reporters.JUnitReportReporter -->
<testsuite hostname="DESKTOP-BEPA8F0" failures="0" tests="1" name="com.crm.product.FirstProductTest" time="13.009" errors="0" timestamp="2022-10-13T21:24:57 IST" skipped="0">
  <testcase classname="com.crm.product.FirstProductTest" name="createProductTest" time="13.009"/>
  <system-out/>
</testsuite> <!-- com.crm.product.FirstProductTest -->
