<?xml version="1.0" encoding="UTF-8"?>
<!-- Generated by org.testng.reporters.JUnitReportReporter -->
<testsuite hostname="DESKTOP-BEPA8F0" failures="0" tests="1" name="com.crm.organization.FirstOrganization" time="24.375" errors="0" timestamp="2022-10-04T11:48:26 IST" skipped="0">
  <testcase classname="com.crm.organization.FirstOrganization" name="createOrganization" time="24.375"/>
  <system-out/>
</testsuite> <!-- com.crm.organization.FirstOrganization -->
