<?xml version="1.0" encoding="UTF-8"?>
<!-- Generated by org.testng.reporters.JUnitReportReporter -->
<testsuite hostname="DESKTOP-BEPA8F0" failures="0" tests="1" name="com.crm.organization.FirstOrganizationTest" time="19.037" errors="0" timestamp="2022-10-14T11:13:38 IST" skipped="0">
  <testcase classname="com.crm.organization.FirstOrganizationTest" name="createOrganizationTest" time="19.037"/>
  <system-out/>
</testsuite> <!-- com.crm.organization.FirstOrganizationTest -->
