<?xml version="1.0" encoding="UTF-8"?>
<!-- Generated by org.testng.reporters.JUnitReportReporter -->
<testsuite hostname="DESKTOP-BEPA8F0" failures="0" tests="3" name="practice.DataProvidrTest" time="39.259" errors="0" timestamp="2022-10-14T17:24:23 IST" skipped="0">
  <testcase classname="practice.DataProvidrTest" name="companyDetails" time="17.864"/>
  <system-out/>
  <testcase classname="practice.DataProvidrTest" name="companyDetails" time="10.765"/>
  <system-out/>
  <testcase classname="practice.DataProvidrTest" name="companyDetails" time="10.630"/>
  <system-out/>
</testsuite> <!-- practice.DataProvidrTest -->
