<?xml version="1.0" encoding="UTF-8"?>
<!-- Generated by org.testng.reporters.JUnitReportReporter -->
<testsuite hostname="DESKTOP-BEPA8F0" failures="0" tests="1" name="com.crm.campaign.FirstCampaignTest" time="12.418" errors="0" timestamp="2022-10-13T21:24:00 IST" skipped="0">
  <testcase classname="com.crm.campaign.FirstCampaignTest" name="createCampaignTest" time="12.418"/>
  <system-out/>
</testsuite> <!-- com.crm.campaign.FirstCampaignTest -->
