<?xml version="1.0" encoding="UTF-8"?>
<!-- Generated by org.testng.reporters.JUnitReportReporter -->
<testsuite hostname="DESKTOP-BEPA8F0" failures="0" tests="1" name="com.crm.campaign.CampaignWithProductTest" time="19.991" errors="0" timestamp="2022-10-10T14:46:34 IST" skipped="0">
  <testcase classname="com.crm.campaign.CampaignWithProductTest" name="createCampaignWithProductTest" time="19.991"/>
  <system-out/>
</testsuite> <!-- com.crm.campaign.CampaignWithProductTest -->
