<?xml version="1.0" encoding="UTF-8"?>
<!-- Generated by org.testng.reporters.JUnitReportReporter -->
<testsuite hostname="DESKTOP-BEPA8F0" failures="0" tests="1" name="com.crm.campaign.FirstCampaignTest" time="16.054" errors="0" timestamp="2022-10-10T14:46:34 IST" skipped="0">
  <testcase classname="com.crm.campaign.FirstCampaignTest" name="createCampaignTest" time="16.054"/>
  <system-out/>
</testsuite> <!-- com.crm.campaign.FirstCampaignTest -->
